<!DOCTYPE html>
<html>
<head>
<meta http-equiv="Content-Type" content="text/html; charset=utf-8"/>
<meta http-equiv="x-ua-compatible" content="IE=edge"/>
<title>Test results - Class Realizar una venta</title>
<link href="../css/base-style.css" rel="stylesheet" type="text/css"/>
<link href="../css/style.css" rel="stylesheet" type="text/css"/>
<script src="../js/report.js" type="text/javascript"></script>
</head>
<body>
<div id="content">
<h1>Class Realizar una venta</h1>
<div class="breadcrumbs">
<a href="../index.html">all</a> &gt; 
<a href="../packages/default-package.html">default-package</a> &gt; Realizar una venta</div>
<div id="summary">
<table>
<tr>
<td>
<div class="summaryGroup">
<table>
<tr>
<td>
<div class="infoBox" id="tests">
<div class="counter">1</div>
<p>tests</p>
</div>
</td>
<td>
<div class="infoBox" id="failures">
<div class="counter">1</div>
<p>failures</p>
</div>
</td>
<td>
<div class="infoBox" id="ignored">
<div class="counter">0</div>
<p>ignored</p>
</div>
</td>
<td>
<div class="infoBox" id="duration">
<div class="counter">7m20.61s</div>
<p>duration</p>
</div>
</td>
</tr>
</table>
</div>
</td>
<td>
<div class="infoBox failures" id="successRate">
<div class="percent">0%</div>
<p>successful</p>
</div>
</td>
</tr>
</table>
</div>
<div id="tabs">
<ul class="tabLinks">
<li>
<a href="#tab0">Failed tests</a>
</li>
<li>
<a href="#tab1">Tests</a>
</li>
<li>
<a href="#tab2">Standard output</a>
</li>
<li>
<a href="#tab3">Standard error</a>
</li>
</ul>
<div id="tab0" class="tab">
<h2>Failed tests</h2>
<div class="test">
<a name="Verificar que la venta haya sido concluida y registrada"></a>
<h3 class="failures">Verificar que la venta haya sido concluida y registrada</h3>
<span class="code">
<pre>java.lang.AssertionError: 
Expected: is &lt;true&gt;
     but: was &lt;false&gt;
	at net.serenitybdd.screenplay.ErrorTally.throwSummaryExceptionFrom(ErrorTally.java:36)
	at net.serenitybdd.screenplay.ErrorTally.reportAnyErrors(ErrorTally.java:30)
	at net.serenitybdd.screenplay.Actor.should(Actor.java:316)
	at co.com.AutomatizacionOrchidPOS.stepsdefinitions.VentaStepsDefinition.seDebenVisualizarLosDetallesDeLaVentaYElRegistroDeEstaEnElHistorialDeVentas(VentaStepsDefinition.java:34)
	at ✽.se deben visualizar los detalles de la venta y el registro de esta en el historial de ventas(src/test/resources/features/venta.feature:21)
</pre>
</span>
</div>
</div>
<div id="tab1" class="tab">
<h2>Tests</h2>
<table>
<thead>
<tr>
<th>Test</th>
<th>Duration</th>
<th>Result</th>
</tr>
</thead>
<tr>
<td class="failures">Verificar que la venta haya sido concluida y registrada</td>
<td class="failures">7m20.61s</td>
<td class="failures">failed</td>
</tr>
</table>
</div>
<div id="tab2" class="tab">
<h2>Standard output</h2>
<span class="code">
<pre>    ?[32mDado ?[0m?[32mque el usuario se encuentra en la homepage de OrchidPOS?[0m     ?[90m# LogInStepsDefinition.queElUsuarioSeEncuentraEnLaHomepageDeOrchidPOS()?[0m
    ?[32mCuando ?[0m?[32mingrese las credenciales correctas (usuario y contrasena)?[0m ?[90m# LogInStepsDefinition.ingreseLasCredencialesCorrectasUsuarioYContrasena(CredencialesLogIn&gt;)?[0m

  @venta
  Escenario: Verificar que la venta haya sido concluida y registrada                                      ?[90m# src/test/resources/features/venta.feature:17?[0m
    ?[32mCuando ?[0m?[32mingrese datos validos en (Id Producto y Cantidad)?[0m                                              ?[90m# VentaStepsDefinition.ingreseDatosValidosEnIdProductoYCantidad(CredencialesVenta&gt;)?[0m
Venta generada con éxito
admin@example.com
    ?[31mEntonces ?[0m?[31mse deben visualizar los detalles de la venta y el registro de esta en el historial de ventas?[0m ?[90m# VentaStepsDefinition.seDebenVisualizarLosDetallesDeLaVentaYElRegistroDeEstaEnElHistorialDeVentas()?[0m
      ?[31mjava.lang.AssertionError: 
Expected: is &lt;true&gt;
     but: was &lt;false&gt;
	at net.serenitybdd.screenplay.ErrorTally.throwSummaryExceptionFrom(ErrorTally.java:36)
	at net.serenitybdd.screenplay.ErrorTally.reportAnyErrors(ErrorTally.java:30)
	at net.serenitybdd.screenplay.Actor.should(Actor.java:316)
	at co.com.AutomatizacionOrchidPOS.stepsdefinitions.VentaStepsDefinition.seDebenVisualizarLosDetallesDeLaVentaYElRegistroDeEstaEnElHistorialDeVentas(VentaStepsDefinition.java:34)
	at ?.se deben visualizar los detalles de la venta y el registro de esta en el historial de ventas(src/test/resources/features/venta.feature:21)
?[0m
</pre>
</span>
</div>
<div id="tab3" class="tab">
<h2>Standard error</h2>
<span class="code">
<pre>Jun 05, 2025 11:20:33 AM org.openqa.selenium.remote.DesiredCapabilities chrome
INFO: Using `new ChromeOptions()` is preferred to `DesiredCapabilities.chrome()`
[Test worker] INFO net.serenitybdd.core.webdriver.driverproviders.ProvideNewDriver - Instantiating driver
[Test worker] INFO net.serenitybdd.core.webdriver.driverproviders.ProvideNewDriver - Driver capabilities: Capabilities {acceptInsecureCerts: false, browserName: chrome, goog:chromeOptions: {args: [], extensions: [], prefs: {behavior: allow}}, loggingPrefs: org.openqa.selenium.logging..., name: proyecto, platform: ANY, unhandledPromptBehavior: ignore, version: }
Starting ChromeDriver 136.0.7103.94 (fa0be0b33debeb378a8e6ad9c599be34e2dc3b37-refs/branch-heads/7103@{#1842}) on port 9344
Only local connections are allowed.
Please see https://chromedriver.chromium.org/security-considerations for suggestions on keeping ChromeDriver safe.
ChromeDriver was started successfully on port 9344.
[1749140494.719][WARNING]: This version of ChromeDriver has not been tested with Chrome version 137.
Jun 05, 2025 11:22:00 AM org.openqa.selenium.remote.ProtocolHandshake createSession
INFO: Detected dialect: W3C
[1749140822.761][SEVERE]: Timed out receiving message from renderer: 300.000
[1749140822.841][SEVERE]: Timed out receiving message from renderer: 300.000
[Test worker] ERROR net.thucydides.core.steps.ConsoleLoggingListener - 
           __  _____ _____ ____ _____   _____ _    ___ _     _____ ____  
  _       / / |_   _| ____/ ___|_   _| |  ___/ \  |_ _| |   | ____|  _ \ 
 (_)_____| |    | | |  _| \___ \ | |   | |_ / _ \  | || |   |  _| | | | |
  _|_____| |    | | | |___ ___) || |   |  _/ ___ \ | || |___| |___| |_| |
 (_)     | |    |_| |_____|____/ |_|   |_|/_/   \_\___|_____|_____|____/ 
          \_\                                                            

TEST FAILED: Verificar que la venta haya sido concluida y registrada
--------------------------------------------------------------------------
[Test worker] ERROR net.thucydides.core.steps.ConsoleLoggingListener - TEST FAILED AT STEP Then validacion usuario venta should be (true)
[Test worker] ERROR net.thucydides.core.steps.ConsoleLoggingListener - Expected: is &lt;true&gt; but: was &lt;false&gt;
</pre>
</span>
</div>
</div>
<div id="footer">
<p>
<div>
<label class="hidden" id="label-for-line-wrapping-toggle" for="line-wrapping-toggle">Wrap lines
<input id="line-wrapping-toggle" type="checkbox" autocomplete="off"/>
</label>
</div>Generated by 
<a href="http://www.gradle.org">Gradle 7.4</a> at Jun 5, 2025, 11:28:25 AM</p>
</div>
</div>
</body>
</html>
